<?xml version="1.0" encoding="UTF-8"?>
<!-- Generated by org.testng.reporters.JUnitReportReporter -->
<testsuite skipped="0" hostname="leons-MacBook-Pro.local" name="com.browserstack.BStackDemoTest" tests="3" failures="0" timestamp="2022-12-14T21:55:31 EST" time="54.729" errors="0">
  <testcase name="addProductToCart" time="20.821" classname="com.browserstack.BStackDemoTest"/>
  <system-out/>
  <testcase name="addProductToCart" time="16.408" classname="com.browserstack.BStackDemoTest"/>
  <system-out/>
  <testcase name="addProductToCart" time="17.500" classname="com.browserstack.BStackDemoTest"/>
  <system-out/>
</testsuite> <!-- com.browserstack.BStackDemoTest -->
